[03-Dec-2017 03:13:51 UTC] PHP Warning:  PHP Startup: Unable to load dynamic library 'ext\php_interbase.dll' - The specified module could not be found.
 in Unknown on line 0
[03-Dec-2017 03:13:51 UTC] PHP Warning:  PHP Startup: Unable to load dynamic library 'ext\php_interbase.dll' - The specified module could not be found.
 in Unknown on line 0
[03-Dec-2017 03:13:51 UTC] PHP Warning:  PHP Startup: Unable to load dynamic library 'ext\php_oci8_12c.dll' - The specified module could not be found.
 in Unknown on line 0
[03-Dec-2017 03:13:51 UTC] PHP Warning:  PHP Startup: Unable to load dynamic library 'ext\php_pdo_firebird.dll' - The specified module could not be found.
 in Unknown on line 0
[03-Dec-2017 03:13:51 UTC] PHP Warning:  PHP Startup: Unable to load dynamic library 'ext\php_oci8_12c.dll' - The specified module could not be found.
 in Unknown on line 0
[03-Dec-2017 03:13:51 UTC] PHP Warning:  PHP Startup: Unable to load dynamic library 'ext\php_pdo_oci.dll' - The specified module could not be found.
 in Unknown on line 0
[03-Dec-2017 03:13:51 UTC] PHP Warning:  PHP Startup: Unable to load dynamic library 'ext\php_pdo_firebird.dll' - The specified module could not be found.
 in Unknown on line 0
[03-Dec-2017 03:13:51 UTC] PHP Warning:  PHP Startup: Unable to load dynamic library 'ext\php_pdo_oci.dll' - The specified module could not be found.
 in Unknown on line 0
[03-Dec-2017 03:13:51 UTC] PHP Warning:  require_once(): open_basedir restriction in effect. File(C:\Users\quantum\Documents\Games\Halite\php-starter-edited\src\bootstrap.php) is not within the allowed path(s): (c:\inetpub\wwwroot) in C:\Users\quantum\Documents\Games\Halite\php-starter-edited\MyBot.php on line 3
[03-Dec-2017 03:13:51 UTC] PHP Warning:  require_once(C:\Users\quantum\Documents\Games\Halite\php-starter-edited\src\bootstrap.php): failed to open stream: Operation not permitted in C:\Users\quantum\Documents\Games\Halite\php-starter-edited\MyBot.php on line 3
[03-Dec-2017 03:13:51 UTC] PHP Warning:  require_once(): open_basedir restriction in effect. File(C:\Users\quantum\Documents\Games\Halite\php-starter-edited\src\bootstrap.php) is not within the allowed path(s): (c:\inetpub\wwwroot) in C:\Users\quantum\Documents\Games\Halite\php-starter-edited\MyBot.php on line 3
[03-Dec-2017 03:13:51 UTC] PHP Fatal error:  require_once(): Failed opening required 'C:\Users\quantum\Documents\Games\Halite\php-starter-edited/src/bootstrap.php' (include_path='.;C:\php\pear') in C:\Users\quantum\Documents\Games\Halite\php-starter-edited\MyBot.php on line 3
[03-Dec-2017 03:13:51 UTC] PHP Warning:  require_once(C:\Users\quantum\Documents\Games\Halite\php-starter-edited\src\bootstrap.php): failed to open stream: Operation not permitted in C:\Users\quantum\Documents\Games\Halite\php-starter-edited\MyBot.php on line 3
[03-Dec-2017 03:13:51 UTC] PHP Fatal error:  require_once(): Failed opening required 'C:\Users\quantum\Documents\Games\Halite\php-starter-edited/src/bootstrap.php' (include_path='.;C:\php\pear') in C:\Users\quantum\Documents\Games\Halite\php-starter-edited\MyBot.php on line 3
[03-Dec-2017 03:15:12 UTC] PHP Warning:  PHP Startup: Unable to load dynamic library 'ext\php_interbase.dll' - The specified module could not be found.
 in Unknown on line 0
[03-Dec-2017 03:15:12 UTC] PHP Warning:  PHP Startup: Unable to load dynamic library 'ext\php_oci8_12c.dll' - The specified module could not be found.
 in Unknown on line 0
[03-Dec-2017 03:15:12 UTC] PHP Warning:  PHP Startup: Unable to load dynamic library 'ext\php_pdo_firebird.dll' - The specified module could not be found.
 in Unknown on line 0
[03-Dec-2017 03:15:12 UTC] PHP Warning:  PHP Startup: Unable to load dynamic library 'ext\php_pdo_oci.dll' - The specified module could not be found.
 in Unknown on line 0
[03-Dec-2017 03:15:12 UTC] PHP Warning:  require_once(): open_basedir restriction in effect. File(C:\Users\quantum\Documents\Games\Halite\php-starter-edited\src\bootstrap.php) is not within the allowed path(s): (c:\inetpub\wwwroot) in C:\Users\quantum\Documents\Games\Halite\php-starter-edited\MyBot.php on line 3
[03-Dec-2017 03:15:12 UTC] PHP Warning:  require_once(C:\Users\quantum\Documents\Games\Halite\php-starter-edited\src\bootstrap.php): failed to open stream: Operation not permitted in C:\Users\quantum\Documents\Games\Halite\php-starter-edited\MyBot.php on line 3
[03-Dec-2017 03:15:12 UTC] PHP Fatal error:  require_once(): Failed opening required 'C:\Users\quantum\Documents\Games\Halite\php-starter-edited/src/bootstrap.php' (include_path='.;C:\php\pear') in C:\Users\quantum\Documents\Games\Halite\php-starter-edited\MyBot.php on line 3
[03-Dec-2017 03:15:12 UTC] PHP Warning:  PHP Startup: Unable to load dynamic library 'ext\php_interbase.dll' - The specified module could not be found.
 in Unknown on line 0
[03-Dec-2017 03:15:12 UTC] PHP Warning:  PHP Startup: Unable to load dynamic library 'ext\php_oci8_12c.dll' - The specified module could not be found.
 in Unknown on line 0
[03-Dec-2017 03:15:12 UTC] PHP Warning:  PHP Startup: Unable to load dynamic library 'ext\php_pdo_firebird.dll' - The specified module could not be found.
 in Unknown on line 0
[03-Dec-2017 03:15:12 UTC] PHP Warning:  PHP Startup: Unable to load dynamic library 'ext\php_pdo_oci.dll' - The specified module could not be found.
 in Unknown on line 0
[03-Dec-2017 03:15:12 UTC] PHP Warning:  require_once(): open_basedir restriction in effect. File(C:\Users\quantum\Documents\Games\Halite\php-starter-edited\src\bootstrap.php) is not within the allowed path(s): (c:\inetpub\wwwroot) in C:\Users\quantum\Documents\Games\Halite\php-starter-edited\MyBot.php on line 3
[03-Dec-2017 03:15:12 UTC] PHP Warning:  require_once(C:\Users\quantum\Documents\Games\Halite\php-starter-edited\src\bootstrap.php): failed to open stream: Operation not permitted in C:\Users\quantum\Documents\Games\Halite\php-starter-edited\MyBot.php on line 3
[03-Dec-2017 03:15:12 UTC] PHP Fatal error:  require_once(): Failed opening required 'C:\Users\quantum\Documents\Games\Halite\php-starter-edited/src/bootstrap.php' (include_path='.;C:\php\pear') in C:\Users\quantum\Documents\Games\Halite\php-starter-edited\MyBot.php on line 3
[03-Dec-2017 03:16:18 UTC] PHP Warning:  PHP Startup: Unable to load dynamic library 'ext\php_interbase.dll' - The specified module could not be found.
 in Unknown on line 0
[03-Dec-2017 03:16:18 UTC] PHP Warning:  PHP Startup: Unable to load dynamic library 'ext\php_interbase.dll' - The specified module could not be found.
 in Unknown on line 0
[03-Dec-2017 03:16:18 UTC] PHP Warning:  PHP Startup: Unable to load dynamic library 'ext\php_oci8_12c.dll' - The specified module could not be found.
 in Unknown on line 0
[03-Dec-2017 03:16:18 UTC] PHP Warning:  PHP Startup: Unable to load dynamic library 'ext\php_oci8_12c.dll' - The specified module could not be found.
 in Unknown on line 0
[03-Dec-2017 03:16:18 UTC] PHP Warning:  PHP Startup: Unable to load dynamic library 'ext\php_pdo_firebird.dll' - The specified module could not be found.
 in Unknown on line 0
[03-Dec-2017 03:16:18 UTC] PHP Warning:  PHP Startup: Unable to load dynamic library 'ext\php_pdo_firebird.dll' - The specified module could not be found.
 in Unknown on line 0
[03-Dec-2017 03:16:18 UTC] PHP Warning:  PHP Startup: Unable to load dynamic library 'ext\php_pdo_oci.dll' - The specified module could not be found.
 in Unknown on line 0
[03-Dec-2017 03:16:18 UTC] PHP Warning:  PHP Startup: Unable to load dynamic library 'ext\php_pdo_oci.dll' - The specified module could not be found.
 in Unknown on line 0
[03-Dec-2017 03:16:18 UTC] PHP Warning:  require_once(): open_basedir restriction in effect. File(C:\Users\quantum\Documents\Games\Halite\php-starter-edited\src\bootstrap.php) is not within the allowed path(s): (c:\inetpub\wwwroot) in C:\Users\quantum\Documents\Games\Halite\php-starter-edited\MyBot.php on line 3
[03-Dec-2017 03:16:18 UTC] PHP Warning:  require_once(): open_basedir restriction in effect. File(C:\Users\quantum\Documents\Games\Halite\php-starter-edited\src\bootstrap.php) is not within the allowed path(s): (c:\inetpub\wwwroot) in C:\Users\quantum\Documents\Games\Halite\php-starter-edited\MyBot.php on line 3
[03-Dec-2017 03:16:18 UTC] PHP Warning:  require_once(C:\Users\quantum\Documents\Games\Halite\php-starter-edited\src\bootstrap.php): failed to open stream: Operation not permitted in C:\Users\quantum\Documents\Games\Halite\php-starter-edited\MyBot.php on line 3
[03-Dec-2017 03:16:18 UTC] PHP Warning:  require_once(C:\Users\quantum\Documents\Games\Halite\php-starter-edited\src\bootstrap.php): failed to open stream: Operation not permitted in C:\Users\quantum\Documents\Games\Halite\php-starter-edited\MyBot.php on line 3
[03-Dec-2017 03:16:18 UTC] PHP Fatal error:  require_once(): Failed opening required 'C:\Users\quantum\Documents\Games\Halite\php-starter-edited/src/bootstrap.php' (include_path='.;C:\php\pear') in C:\Users\quantum\Documents\Games\Halite\php-starter-edited\MyBot.php on line 3
[03-Dec-2017 03:16:18 UTC] PHP Fatal error:  require_once(): Failed opening required 'C:\Users\quantum\Documents\Games\Halite\php-starter-edited/src/bootstrap.php' (include_path='.;C:\php\pear') in C:\Users\quantum\Documents\Games\Halite\php-starter-edited\MyBot.php on line 3
[03-Dec-2017 03:17:57 UTC] PHP Warning:  PHP Startup: Unable to load dynamic library 'ext\php_interbase.dll' - The specified module could not be found.
 in Unknown on line 0
[03-Dec-2017 03:17:57 UTC] PHP Warning:  PHP Startup: Unable to load dynamic library 'ext\php_oci8_12c.dll' - The specified module could not be found.
 in Unknown on line 0
[03-Dec-2017 03:17:57 UTC] PHP Warning:  PHP Startup: Unable to load dynamic library 'ext\php_pdo_firebird.dll' - The specified module could not be found.
 in Unknown on line 0
[03-Dec-2017 03:17:57 UTC] PHP Warning:  PHP Startup: Unable to load dynamic library 'ext\php_pdo_oci.dll' - The specified module could not be found.
 in Unknown on line 0
[03-Dec-2017 03:17:57 UTC] PHP Warning:  PHP Startup: Unable to load dynamic library 'ext\php_interbase.dll' - The specified module could not be found.
 in Unknown on line 0
[03-Dec-2017 03:17:57 UTC] PHP Warning:  PHP Startup: Unable to load dynamic library 'ext\php_oci8_12c.dll' - The specified module could not be found.
 in Unknown on line 0
[03-Dec-2017 03:17:57 UTC] PHP Warning:  PHP Startup: Unable to load dynamic library 'ext\php_pdo_firebird.dll' - The specified module could not be found.
 in Unknown on line 0
[03-Dec-2017 03:17:57 UTC] PHP Warning:  PHP Startup: Unable to load dynamic library 'ext\php_pdo_oci.dll' - The specified module could not be found.
 in Unknown on line 0
[03-Dec-2017 03:17:57 UTC] PHP Warning:  require_once(): open_basedir restriction in effect. File(C:\Users\quantum\Documents\Games\Halite\php-starter-edited\src\bootstrap.php) is not within the allowed path(s): (c:\inetpub\wwwroot) in C:\Users\quantum\Documents\Games\Halite\php-starter-edited\MyBot.php on line 3
[03-Dec-2017 03:17:57 UTC] PHP Warning:  require_once(C:\Users\quantum\Documents\Games\Halite\php-starter-edited\src\bootstrap.php): failed to open stream: Operation not permitted in C:\Users\quantum\Documents\Games\Halite\php-starter-edited\MyBot.php on line 3
[03-Dec-2017 03:17:57 UTC] PHP Fatal error:  require_once(): Failed opening required 'C:\Users\quantum\Documents\Games\Halite\php-starter-edited/src/bootstrap.php' (include_path='.;C:\php\pear') in C:\Users\quantum\Documents\Games\Halite\php-starter-edited\MyBot.php on line 3
[03-Dec-2017 03:17:57 UTC] PHP Warning:  require_once(): open_basedir restriction in effect. File(C:\Users\quantum\Documents\Games\Halite\php-starter-edited\src\bootstrap.php) is not within the allowed path(s): (c:\inetpub\wwwroot) in C:\Users\quantum\Documents\Games\Halite\php-starter-edited\MyBot.php on line 3
[03-Dec-2017 03:17:57 UTC] PHP Warning:  require_once(C:\Users\quantum\Documents\Games\Halite\php-starter-edited\src\bootstrap.php): failed to open stream: Operation not permitted in C:\Users\quantum\Documents\Games\Halite\php-starter-edited\MyBot.php on line 3
[03-Dec-2017 03:17:57 UTC] PHP Fatal error:  require_once(): Failed opening required 'C:\Users\quantum\Documents\Games\Halite\php-starter-edited/src/bootstrap.php' (include_path='.;C:\php\pear') in C:\Users\quantum\Documents\Games\Halite\php-starter-edited\MyBot.php on line 3
[03-Dec-2017 03:29:33 UTC] PHP Warning:  PHP Startup: Unable to load dynamic library 'ext\php_interbase.dll' - The specified module could not be found.
 in Unknown on line 0
[03-Dec-2017 03:29:33 UTC] PHP Warning:  PHP Startup: Unable to load dynamic library 'ext\php_oci8_12c.dll' - The specified module could not be found.
 in Unknown on line 0
[03-Dec-2017 03:29:33 UTC] PHP Warning:  PHP Startup: Unable to load dynamic library 'ext\php_pdo_firebird.dll' - The specified module could not be found.
 in Unknown on line 0
[03-Dec-2017 03:29:33 UTC] PHP Warning:  PHP Startup: Unable to load dynamic library 'ext\php_pdo_oci.dll' - The specified module could not be found.
 in Unknown on line 0
[03-Dec-2017 03:29:33 UTC] PHP Warning:  PHP Startup: Unable to load dynamic library 'ext\php_interbase.dll' - The specified module could not be found.
 in Unknown on line 0
[03-Dec-2017 03:29:33 UTC] PHP Warning:  PHP Startup: Unable to load dynamic library 'ext\php_oci8_12c.dll' - The specified module could not be found.
 in Unknown on line 0
[03-Dec-2017 03:29:33 UTC] PHP Warning:  PHP Startup: Unable to load dynamic library 'ext\php_pdo_firebird.dll' - The specified module could not be found.
 in Unknown on line 0
[03-Dec-2017 03:29:33 UTC] PHP Warning:  PHP Startup: Unable to load dynamic library 'ext\php_pdo_oci.dll' - The specified module could not be found.
 in Unknown on line 0
[03-Dec-2017 03:29:33 UTC] PHP Warning:  require_once(): open_basedir restriction in effect. File(C:\Users\quantum\Documents\Games\Halite\php-starter-edited\src\bootstrap.php) is not within the allowed path(s): (c:\inetpub\wwwroot) in C:\Users\quantum\Documents\Games\Halite\php-starter-edited\MyBot.php on line 3
[03-Dec-2017 03:29:33 UTC] PHP Warning:  require_once(C:\Users\quantum\Documents\Games\Halite\php-starter-edited\src\bootstrap.php): failed to open stream: Operation not permitted in C:\Users\quantum\Documents\Games\Halite\php-starter-edited\MyBot.php on line 3
[03-Dec-2017 03:29:33 UTC] PHP Fatal error:  require_once(): Failed opening required 'C:\Users\quantum\Documents\Games\Halite\php-starter-edited/src/bootstrap.php' (include_path='.;C:\php\pear') in C:\Users\quantum\Documents\Games\Halite\php-starter-edited\MyBot.php on line 3
[03-Dec-2017 03:29:33 UTC] PHP Warning:  require_once(): open_basedir restriction in effect. File(C:\Users\quantum\Documents\Games\Halite\php-starter-edited\src\bootstrap.php) is not within the allowed path(s): (c:\inetpub\wwwroot) in C:\Users\quantum\Documents\Games\Halite\php-starter-edited\MyBot.php on line 3
[03-Dec-2017 03:29:33 UTC] PHP Warning:  require_once(C:\Users\quantum\Documents\Games\Halite\php-starter-edited\src\bootstrap.php): failed to open stream: Operation not permitted in C:\Users\quantum\Documents\Games\Halite\php-starter-edited\MyBot.php on line 3
[03-Dec-2017 03:29:33 UTC] PHP Fatal error:  require_once(): Failed opening required 'C:\Users\quantum\Documents\Games\Halite\php-starter-edited/src/bootstrap.php' (include_path='.;C:\php\pear') in C:\Users\quantum\Documents\Games\Halite\php-starter-edited\MyBot.php on line 3
[05-Dec-2017 03:24:13 UTC] PHP Warning:  PHP Startup: Unable to load dynamic library 'ext\php_interbase.dll' - The specified module could not be found.
 in Unknown on line 0
[05-Dec-2017 03:24:13 UTC] PHP Warning:  PHP Startup: Unable to load dynamic library 'ext\php_interbase.dll' - The specified module could not be found.
 in Unknown on line 0
[05-Dec-2017 03:24:14 UTC] PHP Warning:  PHP Startup: Unable to load dynamic library 'ext\php_oci8_12c.dll' - The specified module could not be found.
 in Unknown on line 0
[05-Dec-2017 03:24:14 UTC] PHP Warning:  PHP Startup: Unable to load dynamic library 'ext\php_oci8_12c.dll' - The specified module could not be found.
 in Unknown on line 0
[05-Dec-2017 03:24:14 UTC] PHP Warning:  PHP Startup: Unable to load dynamic library 'ext\php_pdo_firebird.dll' - The specified module could not be found.
 in Unknown on line 0
[05-Dec-2017 03:24:14 UTC] PHP Warning:  PHP Startup: Unable to load dynamic library 'ext\php_pdo_firebird.dll' - The specified module could not be found.
 in Unknown on line 0
[05-Dec-2017 03:24:14 UTC] PHP Warning:  PHP Startup: Unable to load dynamic library 'ext\php_pdo_oci.dll' - The specified module could not be found.
 in Unknown on line 0
[05-Dec-2017 03:24:14 UTC] PHP Warning:  PHP Startup: Unable to load dynamic library 'ext\php_pdo_oci.dll' - The specified module could not be found.
 in Unknown on line 0
[05-Dec-2017 03:24:14 UTC] PHP Warning:  require_once(): open_basedir restriction in effect. File(C:\Users\quantum\Documents\Games\Halite\php-starter-edited\src\bootstrap.php) is not within the allowed path(s): (c:\inetpub\wwwroot) in C:\Users\quantum\Documents\Games\Halite\php-starter-edited\MyBot.php on line 3
[05-Dec-2017 03:24:14 UTC] PHP Warning:  require_once(): open_basedir restriction in effect. File(C:\Users\quantum\Documents\Games\Halite\php-starter-edited\src\bootstrap.php) is not within the allowed path(s): (c:\inetpub\wwwroot) in C:\Users\quantum\Documents\Games\Halite\php-starter-edited\MyBot.php on line 3
[05-Dec-2017 03:24:14 UTC] PHP Warning:  require_once(C:\Users\quantum\Documents\Games\Halite\php-starter-edited\src\bootstrap.php): failed to open stream: Operation not permitted in C:\Users\quantum\Documents\Games\Halite\php-starter-edited\MyBot.php on line 3
[05-Dec-2017 03:24:14 UTC] PHP Warning:  require_once(C:\Users\quantum\Documents\Games\Halite\php-starter-edited\src\bootstrap.php): failed to open stream: Operation not permitted in C:\Users\quantum\Documents\Games\Halite\php-starter-edited\MyBot.php on line 3
[05-Dec-2017 03:24:14 UTC] PHP Fatal error:  require_once(): Failed opening required 'C:\Users\quantum\Documents\Games\Halite\php-starter-edited/src/bootstrap.php' (include_path='.;C:\php\pear') in C:\Users\quantum\Documents\Games\Halite\php-starter-edited\MyBot.php on line 3
[05-Dec-2017 03:24:14 UTC] PHP Fatal error:  require_once(): Failed opening required 'C:\Users\quantum\Documents\Games\Halite\php-starter-edited/src/bootstrap.php' (include_path='.;C:\php\pear') in C:\Users\quantum\Documents\Games\Halite\php-starter-edited\MyBot.php on line 3
[05-Dec-2017 03:52:29 UTC] PHP Warning:  PHP Startup: Unable to load dynamic library 'C:\php\ext\php_interbase.dll' - The specified module could not be found.
 in Unknown on line 0
[05-Dec-2017 03:52:29 UTC] PHP Warning:  PHP Startup: Unable to load dynamic library 'C:\php\ext\php_interbase.dll' - The specified module could not be found.
 in Unknown on line 0
[05-Dec-2017 03:52:29 UTC] PHP Warning:  PHP Startup: Unable to load dynamic library 'C:\php\ext\php_oci8_12c.dll' - The specified module could not be found.
 in Unknown on line 0
[05-Dec-2017 03:52:29 UTC] PHP Warning:  PHP Startup: Unable to load dynamic library 'C:\php\ext\php_pdo_firebird.dll' - The specified module could not be found.
 in Unknown on line 0
[05-Dec-2017 03:52:29 UTC] PHP Warning:  PHP Startup: Unable to load dynamic library 'C:\php\ext\php_oci8_12c.dll' - The specified module could not be found.
 in Unknown on line 0
[05-Dec-2017 03:52:29 UTC] PHP Warning:  PHP Startup: Unable to load dynamic library 'C:\php\ext\php_pdo_firebird.dll' - The specified module could not be found.
 in Unknown on line 0
[05-Dec-2017 03:52:29 UTC] PHP Warning:  PHP Startup: Unable to load dynamic library 'C:\php\ext\php_pdo_oci.dll' - The specified module could not be found.
 in Unknown on line 0
[05-Dec-2017 03:52:29 UTC] PHP Warning:  PHP Startup: Unable to load dynamic library 'C:\php\ext\php_pdo_oci.dll' - The specified module could not be found.
 in Unknown on line 0
[05-Dec-2017 03:52:29 UTC] PHP Warning:  require_once(): open_basedir restriction in effect. File(C:\Users\quantum\Documents\Games\Halite\php-starter-edited\src\bootstrap.php) is not within the allowed path(s): (c:\inetpub\wwwroot) in C:\Users\quantum\Documents\Games\Halite\php-starter-edited\MyBot.php on line 3
[05-Dec-2017 03:52:29 UTC] PHP Warning:  require_once(C:\Users\quantum\Documents\Games\Halite\php-starter-edited\src\bootstrap.php): failed to open stream: Operation not permitted in C:\Users\quantum\Documents\Games\Halite\php-starter-edited\MyBot.php on line 3
[05-Dec-2017 03:52:29 UTC] PHP Warning:  require_once(): open_basedir restriction in effect. File(C:\Users\quantum\Documents\Games\Halite\php-starter-edited\src\bootstrap.php) is not within the allowed path(s): (c:\inetpub\wwwroot) in C:\Users\quantum\Documents\Games\Halite\php-starter-edited\MyBot.php on line 3
[05-Dec-2017 03:52:29 UTC] PHP Fatal error:  require_once(): Failed opening required 'C:\Users\quantum\Documents\Games\Halite\php-starter-edited/src/bootstrap.php' (include_path='.;C:\php\pear') in C:\Users\quantum\Documents\Games\Halite\php-starter-edited\MyBot.php on line 3
[05-Dec-2017 03:52:29 UTC] PHP Warning:  require_once(C:\Users\quantum\Documents\Games\Halite\php-starter-edited\src\bootstrap.php): failed to open stream: Operation not permitted in C:\Users\quantum\Documents\Games\Halite\php-starter-edited\MyBot.php on line 3
[05-Dec-2017 03:52:29 UTC] PHP Fatal error:  require_once(): Failed opening required 'C:\Users\quantum\Documents\Games\Halite\php-starter-edited/src/bootstrap.php' (include_path='.;C:\php\pear') in C:\Users\quantum\Documents\Games\Halite\php-starter-edited\MyBot.php on line 3
[05-Dec-2017 03:59:58 UTC] PHP Warning:  PHP Startup: Unable to load dynamic library 'C:\php\ext\php_interbase.dll' - The specified module could not be found.
 in Unknown on line 0
[05-Dec-2017 03:59:58 UTC] PHP Warning:  PHP Startup: Unable to load dynamic library 'C:\php\ext\php_oci8_12c.dll' - The specified module could not be found.
 in Unknown on line 0
[05-Dec-2017 03:59:58 UTC] PHP Warning:  PHP Startup: Unable to load dynamic library 'C:\php\ext\php_pdo_firebird.dll' - The specified module could not be found.
 in Unknown on line 0
[05-Dec-2017 03:59:58 UTC] PHP Warning:  PHP Startup: Unable to load dynamic library 'C:\php\ext\php_pdo_oci.dll' - The specified module could not be found.
 in Unknown on line 0
[05-Dec-2017 03:59:58 UTC] PHP Warning:  PHP Startup: Unable to load dynamic library 'C:\php\ext\php_interbase.dll' - The specified module could not be found.
 in Unknown on line 0
[05-Dec-2017 03:59:58 UTC] PHP Warning:  PHP Startup: Unable to load dynamic library 'C:\php\ext\php_oci8_12c.dll' - The specified module could not be found.
 in Unknown on line 0
[05-Dec-2017 03:59:58 UTC] PHP Warning:  PHP Startup: Unable to load dynamic library 'C:\php\ext\php_pdo_firebird.dll' - The specified module could not be found.
 in Unknown on line 0
[05-Dec-2017 03:59:58 UTC] PHP Warning:  PHP Startup: Unable to load dynamic library 'C:\php\ext\php_pdo_oci.dll' - The specified module could not be found.
 in Unknown on line 0
[05-Dec-2017 04:08:01 UTC] PHP Warning:  PHP Startup: Unable to load dynamic library 'C:\php\ext\php_interbase.dll' - The specified module could not be found.
 in Unknown on line 0
[05-Dec-2017 04:08:01 UTC] PHP Warning:  PHP Startup: Unable to load dynamic library 'C:\php\ext\php_oci8_12c.dll' - The specified module could not be found.
 in Unknown on line 0
[05-Dec-2017 04:08:01 UTC] PHP Warning:  PHP Startup: Unable to load dynamic library 'C:\php\ext\php_pdo_firebird.dll' - The specified module could not be found.
 in Unknown on line 0
[05-Dec-2017 04:08:01 UTC] PHP Warning:  PHP Startup: Unable to load dynamic library 'C:\php\ext\php_pdo_oci.dll' - The specified module could not be found.
 in Unknown on line 0
[05-Dec-2017 04:08:01 UTC] PHP Warning:  PHP Startup: Unable to load dynamic library 'C:\php\ext\php_interbase.dll' - The specified module could not be found.
 in Unknown on line 0
[05-Dec-2017 04:08:01 UTC] PHP Warning:  PHP Startup: Unable to load dynamic library 'C:\php\ext\php_oci8_12c.dll' - The specified module could not be found.
 in Unknown on line 0
[05-Dec-2017 04:08:01 UTC] PHP Warning:  PHP Startup: Unable to load dynamic library 'C:\php\ext\php_pdo_firebird.dll' - The specified module could not be found.
 in Unknown on line 0
[05-Dec-2017 04:08:01 UTC] PHP Warning:  PHP Startup: Unable to load dynamic library 'C:\php\ext\php_pdo_oci.dll' - The specified module could not be found.
 in Unknown on line 0
[05-Dec-2017 04:09:30 UTC] PHP Warning:  PHP Startup: Unable to load dynamic library 'c:\php\ext\php_interbase.dll' - The specified module could not be found.
 in Unknown on line 0
[05-Dec-2017 04:09:30 UTC] PHP Warning:  PHP Startup: Unable to load dynamic library 'c:\php\ext\php_oci8_12c.dll' - The specified module could not be found.
 in Unknown on line 0
[05-Dec-2017 04:09:30 UTC] PHP Warning:  PHP Startup: Unable to load dynamic library 'c:\php\ext\php_pdo_firebird.dll' - The specified module could not be found.
 in Unknown on line 0
[05-Dec-2017 04:09:30 UTC] PHP Warning:  PHP Startup: Unable to load dynamic library 'c:\php\ext\php_pdo_oci.dll' - The specified module could not be found.
 in Unknown on line 0
[05-Dec-2017 04:09:30 UTC] PHP Warning:  PHP Startup: Unable to load dynamic library 'c:\php\ext\php_interbase.dll' - The specified module could not be found.
 in Unknown on line 0
[05-Dec-2017 04:09:30 UTC] PHP Warning:  PHP Startup: Unable to load dynamic library 'c:\php\ext\php_oci8_12c.dll' - The specified module could not be found.
 in Unknown on line 0
[05-Dec-2017 04:09:30 UTC] PHP Warning:  PHP Startup: Unable to load dynamic library 'c:\php\ext\php_pdo_firebird.dll' - The specified module could not be found.
 in Unknown on line 0
[05-Dec-2017 04:09:30 UTC] PHP Warning:  PHP Startup: Unable to load dynamic library 'c:\php\ext\php_pdo_oci.dll' - The specified module could not be found.
 in Unknown on line 0
[05-Dec-2017 04:09:49 UTC] PHP Warning:  PHP Startup: Unable to load dynamic library 'c:\php\ext\php_interbase.dll' - The specified module could not be found.
 in Unknown on line 0
[05-Dec-2017 04:09:49 UTC] PHP Warning:  PHP Startup: Unable to load dynamic library 'c:\php\ext\php_oci8_12c.dll' - The specified module could not be found.
 in Unknown on line 0
[05-Dec-2017 04:09:49 UTC] PHP Warning:  PHP Startup: Unable to load dynamic library 'c:\php\ext\php_pdo_firebird.dll' - The specified module could not be found.
 in Unknown on line 0
[05-Dec-2017 04:09:49 UTC] PHP Warning:  PHP Startup: Unable to load dynamic library 'c:\php\ext\php_pdo_oci.dll' - The specified module could not be found.
 in Unknown on line 0
[05-Dec-2017 04:09:49 UTC] PHP Warning:  PHP Startup: Unable to load dynamic library 'c:\php\ext\php_interbase.dll' - The specified module could not be found.
 in Unknown on line 0
[05-Dec-2017 04:09:49 UTC] PHP Warning:  PHP Startup: Unable to load dynamic library 'c:\php\ext\php_oci8_12c.dll' - The specified module could not be found.
 in Unknown on line 0
[05-Dec-2017 04:09:49 UTC] PHP Warning:  PHP Startup: Unable to load dynamic library 'c:\php\ext\php_pdo_firebird.dll' - The specified module could not be found.
 in Unknown on line 0
[05-Dec-2017 04:09:49 UTC] PHP Warning:  PHP Startup: Unable to load dynamic library 'c:\php\ext\php_pdo_oci.dll' - The specified module could not be found.
 in Unknown on line 0
[05-Dec-2017 05:12:32 UTC] PHP Warning:  PHP Startup: Unable to load dynamic library 'c:\php\ext\php_oci8_12c.dll' - The specified module could not be found.
 in Unknown on line 0
[05-Dec-2017 05:12:32 UTC] PHP Warning:  PHP Startup: Unable to load dynamic library 'c:\php\ext\php_oci8_12c.dll' - The specified module could not be found.
 in Unknown on line 0
[05-Dec-2017 05:12:32 UTC] PHP Warning:  PHP Startup: Unable to load dynamic library 'c:\php\ext\php_pdo_oci.dll' - The specified module could not be found.
 in Unknown on line 0
[05-Dec-2017 05:12:32 UTC] PHP Warning:  PHP Startup: Unable to load dynamic library 'c:\php\ext\php_pdo_oci.dll' - The specified module could not be found.
 in Unknown on line 0
[05-Dec-2017 05:54:04 UTC] PHP Warning:  PHP Startup: Unable to load dynamic library 'c:\php\ext\php_oci8_12c.dll' - The specified module could not be found.
 in Unknown on line 0
[05-Dec-2017 05:54:04 UTC] PHP Warning:  PHP Startup: Unable to load dynamic library 'c:\php\ext\php_oci8_12c.dll' - The specified module could not be found.
 in Unknown on line 0
[05-Dec-2017 05:54:04 UTC] PHP Warning:  PHP Startup: Unable to load dynamic library 'c:\php\ext\php_pdo_oci.dll' - The specified module could not be found.
 in Unknown on line 0
[05-Dec-2017 05:54:04 UTC] PHP Warning:  PHP Startup: Unable to load dynamic library 'c:\php\ext\php_pdo_oci.dll' - The specified module could not be found.
 in Unknown on line 0
[05-Dec-2017 05:54:50 UTC] PHP Warning:  PHP Startup: Unable to load dynamic library 'c:\php\ext\php_oci8_12c.dll' - The specified module could not be found.
 in Unknown on line 0
[05-Dec-2017 05:54:50 UTC] PHP Warning:  PHP Startup: Unable to load dynamic library 'c:\php\ext\php_pdo_oci.dll' - The specified module could not be found.
 in Unknown on line 0
[05-Dec-2017 05:54:50 UTC] PHP Warning:  PHP Startup: Unable to load dynamic library 'c:\php\ext\php_oci8_12c.dll' - The specified module could not be found.
 in Unknown on line 0
[05-Dec-2017 05:54:50 UTC] PHP Warning:  PHP Startup: Unable to load dynamic library 'c:\php\ext\php_pdo_oci.dll' - The specified module could not be found.
 in Unknown on line 0
[05-Dec-2017 05:58:46 UTC] PHP Warning:  PHP Startup: Unable to load dynamic library 'c:\php\ext\php_oci8_12c.dll' - The specified module could not be found.
 in Unknown on line 0
[05-Dec-2017 05:58:46 UTC] PHP Warning:  PHP Startup: Unable to load dynamic library 'c:\php\ext\php_pdo_oci.dll' - The specified module could not be found.
 in Unknown on line 0
[05-Dec-2017 05:58:46 UTC] PHP Warning:  PHP Startup: Unable to load dynamic library 'c:\php\ext\php_oci8_12c.dll' - The specified module could not be found.
 in Unknown on line 0
[05-Dec-2017 05:58:46 UTC] PHP Warning:  PHP Startup: Unable to load dynamic library 'c:\php\ext\php_pdo_oci.dll' - The specified module could not be found.
 in Unknown on line 0
[05-Dec-2017 06:00:06 UTC] PHP Warning:  PHP Startup: Unable to load dynamic library 'c:\php\ext\php_oci8_12c.dll' - The specified module could not be found.
 in Unknown on line 0
[05-Dec-2017 06:00:06 UTC] PHP Warning:  PHP Startup: Unable to load dynamic library 'c:\php\ext\php_oci8_12c.dll' - The specified module could not be found.
 in Unknown on line 0
[05-Dec-2017 06:00:06 UTC] PHP Warning:  PHP Startup: Unable to load dynamic library 'c:\php\ext\php_pdo_oci.dll' - The specified module could not be found.
 in Unknown on line 0
[05-Dec-2017 06:00:06 UTC] PHP Warning:  PHP Startup: Unable to load dynamic library 'c:\php\ext\php_pdo_oci.dll' - The specified module could not be found.
 in Unknown on line 0
[05-Dec-2017 06:01:19 UTC] PHP Warning:  PHP Startup: Unable to load dynamic library 'c:\php\ext\php_oci8_12c.dll' - The specified module could not be found.
 in Unknown on line 0
[05-Dec-2017 06:01:19 UTC] PHP Warning:  PHP Startup: Unable to load dynamic library 'c:\php\ext\php_oci8_12c.dll' - The specified module could not be found.
 in Unknown on line 0
[05-Dec-2017 06:01:19 UTC] PHP Warning:  PHP Startup: Unable to load dynamic library 'c:\php\ext\php_pdo_oci.dll' - The specified module could not be found.
 in Unknown on line 0
[05-Dec-2017 06:01:19 UTC] PHP Warning:  PHP Startup: Unable to load dynamic library 'c:\php\ext\php_pdo_oci.dll' - The specified module could not be found.
 in Unknown on line 0
